<?xml version="1.0" encoding="UTF-8"?>
<testsuite name="com.liam.book.springboot.web.PostsApiControllerTest" tests="2" skipped="0" failures="0" errors="0" timestamp="2022-01-18T14:27:06" hostname="DESKTOP-E2UITB4" time="0.119">
  <properties/>
  <testcase name="Posts_등록된다" classname="com.liam.book.springboot.web.PostsApiControllerTest" time="0.084"/>
  <testcase name="Posts_수정된다" classname="com.liam.book.springboot.web.PostsApiControllerTest" time="0.035"/>
  <system-out><![CDATA[2022-01-18 23:27:06.495  INFO 5300 --- [    Test worker] .b.t.c.SpringBootTestContextBootstrapper : Neither @ContextConfiguration nor @ContextHierarchy found for test class [com.liam.book.springboot.web.PostsApiControllerTest], using SpringBootContextLoader
2022-01-18 23:27:06.495  INFO 5300 --- [    Test worker] o.s.t.c.support.AbstractContextLoader    : Could not detect default resource locations for test class [com.liam.book.springboot.web.PostsApiControllerTest]: no resource found for suffixes {-context.xml, Context.groovy}.
2022-01-18 23:27:06.495  INFO 5300 --- [    Test worker] t.c.s.AnnotationConfigContextLoaderUtils : Could not detect default configuration classes for test class [com.liam.book.springboot.web.PostsApiControllerTest]: PostsApiControllerTest does not declare any static, non-private, non-final, nested classes annotated with @Configuration.
2022-01-18 23:27:06.495  INFO 5300 --- [    Test worker] .b.t.c.SpringBootTestContextBootstrapper : Found @SpringBootConfiguration com.liam.book.springboot.Application for test class com.liam.book.springboot.web.PostsApiControllerTest
2022-01-18 23:27:06.495  INFO 5300 --- [    Test worker] .b.t.c.SpringBootTestContextBootstrapper : Loaded default TestExecutionListener class names from location [META-INF/spring.factories]: [org.springframework.security.test.context.support.WithSecurityContextTestExecutionListener, org.springframework.security.test.context.support.ReactorContextTestExecutionListener, org.springframework.boot.test.autoconfigure.restdocs.RestDocsTestExecutionListener, org.springframework.boot.test.autoconfigure.web.client.MockRestServiceServerResetTestExecutionListener, org.springframework.boot.test.autoconfigure.web.servlet.MockMvcPrintOnlyOnFailureTestExecutionListener, org.springframework.boot.test.autoconfigure.web.servlet.WebDriverTestExecutionListener, org.springframework.boot.test.mock.mockito.MockitoTestExecutionListener, org.springframework.boot.test.mock.mockito.ResetMocksTestExecutionListener, org.springframework.test.context.web.ServletTestExecutionListener, org.springframework.test.context.support.DirtiesContextBeforeModesTestExecutionListener, org.springframework.test.context.support.DependencyInjectionTestExecutionListener, org.springframework.test.context.support.DirtiesContextTestExecutionListener, org.springframework.test.context.transaction.TransactionalTestExecutionListener, org.springframework.test.context.jdbc.SqlScriptsTestExecutionListener]
2022-01-18 23:27:06.495  INFO 5300 --- [    Test worker] .b.t.c.SpringBootTestContextBootstrapper : Using TestExecutionListeners: [org.springframework.test.context.web.ServletTestExecutionListener@653e1684, org.springframework.test.context.support.DirtiesContextBeforeModesTestExecutionListener@4fc58f60, org.springframework.boot.test.mock.mockito.MockitoTestExecutionListener@4d9a613a, org.springframework.boot.test.autoconfigure.SpringBootDependencyInjectionTestExecutionListener@95670ff, org.springframework.test.context.support.DirtiesContextTestExecutionListener@1c49dd67, org.springframework.test.context.transaction.TransactionalTestExecutionListener@7f94ef01, org.springframework.test.context.jdbc.SqlScriptsTestExecutionListener@6119c278, org.springframework.security.test.context.support.WithSecurityContextTestExecutionListener@5bf2972c, org.springframework.security.test.context.support.ReactorContextTestExecutionListener@902dbd0, org.springframework.boot.test.autoconfigure.restdocs.RestDocsTestExecutionListener@5136d116, org.springframework.boot.test.autoconfigure.web.client.MockRestServiceServerResetTestExecutionListener@7e93c34a, org.springframework.boot.test.autoconfigure.web.servlet.MockMvcPrintOnlyOnFailureTestExecutionListener@31177043, org.springframework.boot.test.autoconfigure.web.servlet.WebDriverTestExecutionListener@2ed4e1ea, org.springframework.boot.test.mock.mockito.ResetMocksTestExecutionListener@490d2b47]
2022-01-18 23:27:06.511  INFO 5300 --- [    Test worker] o.a.c.c.C.[Tomcat].[localhost].[/]       : Initializing Spring TestDispatcherServlet ''
2022-01-18 23:27:06.511  INFO 5300 --- [    Test worker] o.s.t.web.servlet.TestDispatcherServlet  : Initializing Servlet ''
2022-01-18 23:27:06.511  INFO 5300 --- [    Test worker] o.s.t.web.servlet.TestDispatcherServlet  : Completed initialization in 0 ms
Hibernate: insert into posts (created_date, modified_date, author, content, title) values (?, ?, ?, ?, ?)
Hibernate: select posts0_.id as id1_0_, posts0_.created_date as created_2_0_, posts0_.modified_date as modified3_0_, posts0_.author as author4_0_, posts0_.content as content5_0_, posts0_.title as title6_0_ from posts posts0_
Hibernate: select posts0_.id as id1_0_, posts0_.created_date as created_2_0_, posts0_.modified_date as modified3_0_, posts0_.author as author4_0_, posts0_.content as content5_0_, posts0_.title as title6_0_ from posts posts0_
Hibernate: delete from posts where id=?
2022-01-18 23:27:06.592  INFO 5300 --- [    Test worker] o.a.c.c.C.[Tomcat].[localhost].[/]       : Initializing Spring TestDispatcherServlet ''
2022-01-18 23:27:06.592  INFO 5300 --- [    Test worker] o.s.t.web.servlet.TestDispatcherServlet  : Initializing Servlet ''
2022-01-18 23:27:06.592  INFO 5300 --- [    Test worker] o.s.t.web.servlet.TestDispatcherServlet  : Completed initialization in 0 ms
Hibernate: insert into posts (created_date, modified_date, author, content, title) values (?, ?, ?, ?, ?)
Hibernate: select posts0_.id as id1_0_0_, posts0_.created_date as created_2_0_0_, posts0_.modified_date as modified3_0_0_, posts0_.author as author4_0_0_, posts0_.content as content5_0_0_, posts0_.title as title6_0_0_ from posts posts0_ where posts0_.id=?
Hibernate: update posts set created_date=?, modified_date=?, author=?, content=?, title=? where id=?
Hibernate: select posts0_.id as id1_0_, posts0_.created_date as created_2_0_, posts0_.modified_date as modified3_0_, posts0_.author as author4_0_, posts0_.content as content5_0_, posts0_.title as title6_0_ from posts posts0_
Hibernate: select posts0_.id as id1_0_, posts0_.created_date as created_2_0_, posts0_.modified_date as modified3_0_, posts0_.author as author4_0_, posts0_.content as content5_0_, posts0_.title as title6_0_ from posts posts0_
Hibernate: delete from posts where id=?
]]></system-out>
  <system-err><![CDATA[]]></system-err>
</testsuite>
