<?xml version="1.0" encoding="UTF-8"?>
<testsuite name="com.liam.book.springboot.web.domain.posts.PostsRepositoryTest" tests="2" skipped="0" failures="0" errors="0" timestamp="2022-01-18T14:27:03" hostname="DESKTOP-E2UITB4" time="0.25">
  <properties/>
  <testcase name="게시글저장_불러오기" classname="com.liam.book.springboot.web.domain.posts.PostsRepositoryTest" time="0.237"/>
  <testcase name="BaseTimeEntity_등록" classname="com.liam.book.springboot.web.domain.posts.PostsRepositoryTest" time="0.013"/>
  <system-out><![CDATA[2022-01-18 23:26:58.841  INFO 5300 --- [    Test worker] .b.t.c.SpringBootTestContextBootstrapper : Neither @ContextConfiguration nor @ContextHierarchy found for test class [com.liam.book.springboot.web.domain.posts.PostsRepositoryTest], using SpringBootContextLoader
2022-01-18 23:26:58.841  INFO 5300 --- [    Test worker] o.s.t.c.support.AbstractContextLoader    : Could not detect default resource locations for test class [com.liam.book.springboot.web.domain.posts.PostsRepositoryTest]: no resource found for suffixes {-context.xml, Context.groovy}.
2022-01-18 23:26:58.841  INFO 5300 --- [    Test worker] t.c.s.AnnotationConfigContextLoaderUtils : Could not detect default configuration classes for test class [com.liam.book.springboot.web.domain.posts.PostsRepositoryTest]: PostsRepositoryTest does not declare any static, non-private, non-final, nested classes annotated with @Configuration.
2022-01-18 23:26:58.857  INFO 5300 --- [    Test worker] .b.t.c.SpringBootTestContextBootstrapper : Found @SpringBootConfiguration com.liam.book.springboot.Application for test class com.liam.book.springboot.web.domain.posts.PostsRepositoryTest
2022-01-18 23:26:58.857  INFO 5300 --- [    Test worker] .b.t.c.SpringBootTestContextBootstrapper : Loaded default TestExecutionListener class names from location [META-INF/spring.factories]: [org.springframework.security.test.context.support.WithSecurityContextTestExecutionListener, org.springframework.security.test.context.support.ReactorContextTestExecutionListener, org.springframework.boot.test.autoconfigure.restdocs.RestDocsTestExecutionListener, org.springframework.boot.test.autoconfigure.web.client.MockRestServiceServerResetTestExecutionListener, org.springframework.boot.test.autoconfigure.web.servlet.MockMvcPrintOnlyOnFailureTestExecutionListener, org.springframework.boot.test.autoconfigure.web.servlet.WebDriverTestExecutionListener, org.springframework.boot.test.mock.mockito.MockitoTestExecutionListener, org.springframework.boot.test.mock.mockito.ResetMocksTestExecutionListener, org.springframework.test.context.web.ServletTestExecutionListener, org.springframework.test.context.support.DirtiesContextBeforeModesTestExecutionListener, org.springframework.test.context.support.DependencyInjectionTestExecutionListener, org.springframework.test.context.support.DirtiesContextTestExecutionListener, org.springframework.test.context.transaction.TransactionalTestExecutionListener, org.springframework.test.context.jdbc.SqlScriptsTestExecutionListener]
2022-01-18 23:26:58.857  INFO 5300 --- [    Test worker] .b.t.c.SpringBootTestContextBootstrapper : Using TestExecutionListeners: [org.springframework.test.context.web.ServletTestExecutionListener@3ec4e2ec, org.springframework.test.context.support.DirtiesContextBeforeModesTestExecutionListener@38559e2a, org.springframework.boot.test.mock.mockito.MockitoTestExecutionListener@192c8a64, org.springframework.boot.test.autoconfigure.SpringBootDependencyInjectionTestExecutionListener@5a4687f, org.springframework.test.context.support.DirtiesContextTestExecutionListener@1c6e39a5, org.springframework.test.context.transaction.TransactionalTestExecutionListener@85e50cc, org.springframework.test.context.jdbc.SqlScriptsTestExecutionListener@75dc9409, org.springframework.security.test.context.support.WithSecurityContextTestExecutionListener@531ded5d, org.springframework.security.test.context.support.ReactorContextTestExecutionListener@3ed3558a, org.springframework.boot.test.autoconfigure.restdocs.RestDocsTestExecutionListener@4471baac, org.springframework.boot.test.autoconfigure.web.client.MockRestServiceServerResetTestExecutionListener@559c12f7, org.springframework.boot.test.autoconfigure.web.servlet.MockMvcPrintOnlyOnFailureTestExecutionListener@69577a1c, org.springframework.boot.test.autoconfigure.web.servlet.WebDriverTestExecutionListener@4d8c0db9, org.springframework.boot.test.mock.mockito.ResetMocksTestExecutionListener@4e16a7e]

  .   ____          _            __ _ _
 /\\ / ___'_ __ _ _(_)_ __  __ _ \ \ \ \
( ( )\___ | '_ | '_| | '_ \/ _` | \ \ \ \
 \\/  ___)| |_)| | | | | || (_| |  ) ) ) )
  '  |____| .__|_| |_|_| |_\__, | / / / /
 =========|_|==============|___/=/_/_/_/
 :: Spring Boot ::        (v2.1.9.RELEASE)

2022-01-18 23:26:58.888  INFO 5300 --- [    Test worker] c.l.b.s.w.d.posts.PostsRepositoryTest    : Starting PostsRepositoryTest on DESKTOP-E2UITB4 with PID 5300 (started by user in C:\Dev\com.liam.webservice)
2022-01-18 23:26:58.888  INFO 5300 --- [    Test worker] c.l.b.s.w.d.posts.PostsRepositoryTest    : The following profiles are active: oauth
2022-01-18 23:26:59.388  INFO 5300 --- [    Test worker] .s.d.r.c.RepositoryConfigurationDelegate : Bootstrapping Spring Data repositories in DEFAULT mode.
2022-01-18 23:26:59.482  INFO 5300 --- [    Test worker] .s.d.r.c.RepositoryConfigurationDelegate : Finished Spring Data repository scanning in 78ms. Found 2 repository interfaces.
2022-01-18 23:26:59.810  INFO 5300 --- [    Test worker] trationDelegate$BeanPostProcessorChecker : Bean 'org.springframework.transaction.annotation.ProxyTransactionManagementConfiguration' of type [org.springframework.transaction.annotation.ProxyTransactionManagementConfiguration$$EnhancerBySpringCGLIB$$8713e2ee] is not eligible for getting processed by all BeanPostProcessors (for example: not eligible for auto-proxying)
2022-01-18 23:27:00.016  INFO 5300 --- [    Test worker] com.zaxxer.hikari.HikariDataSource       : HikariPool-1 - Starting...
2022-01-18 23:27:00.314  INFO 5300 --- [    Test worker] com.zaxxer.hikari.HikariDataSource       : HikariPool-1 - Start completed.
2022-01-18 23:27:00.423  INFO 5300 --- [    Test worker] o.hibernate.jpa.internal.util.LogHelper  : HHH000204: Processing PersistenceUnitInfo [
	name: default
	...]
2022-01-18 23:27:00.501  INFO 5300 --- [    Test worker] org.hibernate.Version                    : HHH000412: Hibernate Core {5.3.12.Final}
2022-01-18 23:27:00.501  INFO 5300 --- [    Test worker] org.hibernate.cfg.Environment            : HHH000206: hibernate.properties not found
2022-01-18 23:27:00.548  INFO 5300 --- [    Test worker] o.hibernate.annotations.common.Version   : HCANN000001: Hibernate Commons Annotations {5.0.4.Final}
2022-01-18 23:27:00.689  INFO 5300 --- [    Test worker] org.hibernate.dialect.Dialect            : HHH000400: Using dialect: org.hibernate.dialect.MySQL5Dialect
Hibernate: drop table if exists posts
Hibernate: drop table if exists user
Hibernate: create table posts (id bigint not null auto_increment, created_date datetime, modified_date datetime, author varchar(255), content TEXT not null, title varchar(500) not null, primary key (id)) engine=MyISAM
Hibernate: create table user (id bigint not null auto_increment, created_date datetime, modified_date datetime, email varchar(255) not null, name varchar(255) not null, picture varchar(255), role varchar(255) not null, primary key (id)) engine=MyISAM
2022-01-18 23:27:01.462  INFO 5300 --- [    Test worker] o.h.t.schema.internal.SchemaCreatorImpl  : HHH000476: Executing import script 'org.hibernate.tool.schema.internal.exec.ScriptSourceInputNonExistentImpl@7b9ba4e9'
2022-01-18 23:27:01.478  INFO 5300 --- [    Test worker] j.LocalContainerEntityManagerFactoryBean : Initialized JPA EntityManagerFactory for persistence unit 'default'
2022-01-18 23:27:02.150  INFO 5300 --- [    Test worker] o.h.h.i.QueryTranslatorFactoryInitiator  : HHH000397: Using ASTQueryTranslatorFactory
2022-01-18 23:27:02.540  INFO 5300 --- [    Test worker] o.s.s.web.DefaultSecurityFilterChain     : Creating filter chain: any request, [org.springframework.security.web.context.request.async.WebAsyncManagerIntegrationFilter@1ff10765, org.springframework.security.web.context.SecurityContextPersistenceFilter@614467a8, org.springframework.security.web.header.HeaderWriterFilter@2907dc6b, org.springframework.security.web.authentication.logout.LogoutFilter@3beb02ae, org.springframework.security.oauth2.client.web.OAuth2AuthorizationRequestRedirectFilter@702149b6, org.springframework.security.oauth2.client.web.OAuth2LoginAuthenticationFilter@511f69ce, org.springframework.security.web.authentication.ui.DefaultLoginPageGeneratingFilter@79d0531b, org.springframework.security.web.authentication.ui.DefaultLogoutPageGeneratingFilter@1a48f05c, org.springframework.security.web.savedrequest.RequestCacheAwareFilter@147b42db, org.springframework.security.web.servletapi.SecurityContextHolderAwareRequestFilter@30820bb, org.springframework.security.web.authentication.AnonymousAuthenticationFilter@30b3abc2, org.springframework.security.web.session.SessionManagementFilter@82e4180, org.springframework.security.web.access.ExceptionTranslationFilter@6853a338, org.springframework.security.web.access.intercept.FilterSecurityInterceptor@321fa1b6]
2022-01-18 23:27:02.984  INFO 5300 --- [    Test worker] o.s.s.concurrent.ThreadPoolTaskExecutor  : Initializing ExecutorService 'applicationTaskExecutor'
2022-01-18 23:27:03.000  WARN 5300 --- [    Test worker] aWebConfiguration$JpaWebMvcConfiguration : spring.jpa.open-in-view is enabled by default. Therefore, database queries may be performed during view rendering. Explicitly configure spring.jpa.open-in-view to disable this warning
2022-01-18 23:27:03.047  INFO 5300 --- [    Test worker] o.s.b.a.w.s.WelcomePageHandlerMapping    : Adding welcome page template: index
2022-01-18 23:27:03.558  INFO 5300 --- [    Test worker] s.a.ScheduledAnnotationBeanPostProcessor : No TaskScheduler/ScheduledExecutorService bean found for scheduled processing
2022-01-18 23:27:03.558  INFO 5300 --- [    Test worker] c.l.b.s.w.d.posts.PostsRepositoryTest    : Started PostsRepositoryTest in 4.701 seconds (JVM running for 8.57)
Hibernate: insert into posts (created_date, modified_date, author, content, title) values (?, ?, ?, ?, ?)
Hibernate: select posts0_.id as id1_0_, posts0_.created_date as created_2_0_, posts0_.modified_date as modified3_0_, posts0_.author as author4_0_, posts0_.content as content5_0_, posts0_.title as title6_0_ from posts posts0_
Hibernate: select posts0_.id as id1_0_, posts0_.created_date as created_2_0_, posts0_.modified_date as modified3_0_, posts0_.author as author4_0_, posts0_.content as content5_0_, posts0_.title as title6_0_ from posts posts0_
Hibernate: delete from posts where id=?
Hibernate: insert into posts (created_date, modified_date, author, content, title) values (?, ?, ?, ?, ?)
Hibernate: select posts0_.id as id1_0_, posts0_.created_date as created_2_0_, posts0_.modified_date as modified3_0_, posts0_.author as author4_0_, posts0_.content as content5_0_, posts0_.title as title6_0_ from posts posts0_
>>>>>>>>>>>>>> createDate=2022-01-18T23:27:03.808,modifiedDate=2022-01-18T23:27:03.808
Hibernate: select posts0_.id as id1_0_, posts0_.created_date as created_2_0_, posts0_.modified_date as modified3_0_, posts0_.author as author4_0_, posts0_.content as content5_0_, posts0_.title as title6_0_ from posts posts0_
Hibernate: delete from posts where id=?
]]></system-out>
  <system-err><![CDATA[]]></system-err>
</testsuite>
